<?xml version="1.0" encoding="UTF-8"?>
<!-- Generated by org.testng.reporters.JUnitReportReporter -->
<testsuite hostname="DESKTOP-HE7T000" failures="0" tests="1" name="com.entrata.qa.testcases.Navigate" time="9.015" errors="0" timestamp="2024-09-27T11:52:24 IST" skipped="0">
  <testcase classname="com.entrata.qa.testcases.Navigate" name="veriftNavigation" time="9.015"/>
  <system-out/>
</testsuite> <!-- com.entrata.qa.testcases.Navigate -->
